<?xml version="1.0" encoding="UTF-8"?>
<!-- Generated by org.testng.reporters.JUnitReportReporter -->
<testsuite hostname="LAPTOP-2T9VK8LP" failures="0" tests="2" name="dockerrun.Setupdockergrid" time="30.034" errors="0" timestamp="08 Feb 2021 06:49:00 GMT" skipped="0">
  <testcase classname="dockerrun.Setupdockergrid" name="start_dockergrid" time="30.026"/>
  <testcase classname="dockerrun.Setupdockergrid" name="stop_dockergrid" time="0.008"/>
</testsuite> <!-- dockerrun.Setupdockergrid -->
