<?xml version="1.0" encoding="UTF-8"?>
<!-- Generated by org.testng.reporters.JUnitReportReporter -->
<testsuite hostname="LAPTOP-2T9VK8LP" failures="0" tests="1" name="dockerrun.Chrometest" time="17.885" errors="0" timestamp="08 Feb 2021 08:41:57 GMT" skipped="0">
  <testcase classname="dockerrun.Chrometest" name="test" time="17.885"/>
</testsuite> <!-- dockerrun.Chrometest -->
